<?xml version="1.0" encoding="UTF-8"?>
<!-- Generated by org.testng.reporters.JUnitReportReporter -->
<testsuite skipped="0" hostname="Nguyens-MacBook-Pro-2.local" name="testcase.testCase1" tests="2" failures="0" timestamp="2020-03-11T00:36:48 ICT" time="0.004" errors="0">
  <testcase name="thisIsFailedCase" time="0.000" classname="testcase.testCase1"/>
  <system-out/>
  <testcase name="thisIsPassedCase" time="0.004" classname="testcase.testCase1"/>
  <system-out/>
</testsuite> <!-- testcase.testCase1 -->
